yayasan-sekar-telkom-apps/build/app/intermediates/manifest_merge_blame_file/release/manifest-merger-blame-release-report.txt
1<?xml version="1.0" encoding="utf-8"?>
2<manifest xmlns:android="http://schemas.android.com/apk/res/android"
3    package="com.example.yayasan_sekar_telkom_apps"
4    android:versionCode="1"
5    android:versionName="1.0.0" >
6
7    <uses-sdk
8        android:minSdkVersion="21"
8-->src/main/AndroidManifest.xml
9        android:targetSdkVersion="33" />
9-->src/main/AndroidManifest.xml
10
11    <uses-permission android:name="android.permission.INTERNET" />
11-->src/main/AndroidManifest.xml:2:5-66
11-->src/main/AndroidManifest.xml:2:22-64
12
13    <queries>
13-->src/main/AndroidManifest.xml:34:5-51:15
14
15        <!-- Place inside the <queries> element. -->
16        <intent>
16-->src/main/AndroidManifest.xml:36:9-40:18
17            <action android:name="android.intent.action.VIEW" />
17-->src/main/AndroidManifest.xml:37:9-61
17-->src/main/AndroidManifest.xml:37:17-58
18
19            <category android:name="android.intent.category.BROWSABLE" />
19-->src/main/AndroidManifest.xml:38:9-70
19-->src/main/AndroidManifest.xml:38:19-67
20
21            <data android:scheme="https" />
21-->src/main/AndroidManifest.xml:39:9-40
21-->src/main/AndroidManifest.xml:39:15-37
22        </intent>
23        <!-- If your app checks for SMS support -->
24        <intent>
24-->src/main/AndroidManifest.xml:42:5-45:14
25            <action android:name="android.intent.action.VIEW" />
25-->src/main/AndroidManifest.xml:37:9-61
25-->src/main/AndroidManifest.xml:37:17-58
26
27            <data android:scheme="sms" />
27-->src/main/AndroidManifest.xml:39:9-40
27-->src/main/AndroidManifest.xml:39:15-37
28        </intent>
29        <!-- If your app checks for call support -->
30        <intent>
30-->src/main/AndroidManifest.xml:47:5-50:14
31            <action android:name="android.intent.action.VIEW" />
31-->src/main/AndroidManifest.xml:37:9-61
31-->src/main/AndroidManifest.xml:37:17-58
32
33            <data android:scheme="tel" />
33-->src/main/AndroidManifest.xml:39:9-40
33-->src/main/AndroidManifest.xml:39:15-37
34        </intent>
35    </queries>
36
37    <permission
37-->[androidx.core:core:1.10.1] AndroidManifest.xml:22:5-24:47
38        android:name="com.example.yayasan_sekar_telkom_apps.DYNAMIC_RECEIVER_NOT_EXPORTED_PERMISSION"
38-->[androidx.core:core:1.10.1] AndroidManifest.xml:23:9-81
39        android:protectionLevel="signature" />
39-->[androidx.core:core:1.10.1] AndroidManifest.xml:24:9-44
40
41    <uses-permission android:name="com.example.yayasan_sekar_telkom_apps.DYNAMIC_RECEIVER_NOT_EXPORTED_PERMISSION" />
41-->[androidx.core:core:1.10.1] AndroidManifest.xml:26:5-97
41-->[androidx.core:core:1.10.1] AndroidManifest.xml:26:22-94
42
43    <application
44        android:name="android.app.Application"
44-->src/main/AndroidManifest.xml:5:9-42
45        android:appComponentFactory="androidx.core.app.CoreComponentFactory"
45-->[androidx.core:core:1.10.1] AndroidManifest.xml:28:18-86
46        android:icon="@mipmap/ic_launcher"
46-->src/main/AndroidManifest.xml:6:9-43
47        android:label="yayasan_sekar_telkom_apps" >
47-->src/main/AndroidManifest.xml:4:9-50
48        <activity
48-->src/main/AndroidManifest.xml:7:9-27:20
49            android:name="com.example.yayasan_sekar_telkom_apps.MainActivity"
49-->src/main/AndroidManifest.xml:8:13-41
50            android:configChanges="orientation|keyboardHidden|keyboard|screenSize|smallestScreenSize|locale|layoutDirection|fontScale|screenLayout|density|uiMode"
50-->src/main/AndroidManifest.xml:12:13-163
51            android:exported="true"
51-->src/main/AndroidManifest.xml:9:13-36
52            android:hardwareAccelerated="true"
52-->src/main/AndroidManifest.xml:13:13-47
53            android:launchMode="singleTop"
53-->src/main/AndroidManifest.xml:10:13-43
54            android:theme="@style/LaunchTheme"
54-->src/main/AndroidManifest.xml:11:13-47
55            android:windowSoftInputMode="adjustResize" >
55-->src/main/AndroidManifest.xml:14:13-55
56
57            <!--
58                 Specifies an Android theme to apply to this Activity as soon as
59                 the Android process has started. This theme is visible to the user
60                 while the Flutter UI initializes. After that, this theme continues
61                 to determine the Window background behind the Flutter UI.
62            -->
63            <meta-data
63-->src/main/AndroidManifest.xml:19:13-22:17
64                android:name="io.flutter.embedding.android.NormalTheme"
64-->src/main/AndroidManifest.xml:20:15-70
65                android:resource="@style/NormalTheme" />
65-->src/main/AndroidManifest.xml:21:15-52
66
67            <intent-filter>
67-->src/main/AndroidManifest.xml:23:13-26:29
68                <action android:name="android.intent.action.MAIN" />
68-->src/main/AndroidManifest.xml:24:17-68
68-->src/main/AndroidManifest.xml:24:25-66
69
70                <category android:name="android.intent.category.LAUNCHER" />
70-->src/main/AndroidManifest.xml:25:17-76
70-->src/main/AndroidManifest.xml:25:27-74
71            </intent-filter>
72        </activity>
73        <!--
74             Don't delete the meta-data below.
75             This is used by the Flutter tool to generate GeneratedPluginRegistrant.java
76        -->
77        <meta-data
77-->src/main/AndroidManifest.xml:30:9-32:33
78            android:name="flutterEmbedding"
78-->src/main/AndroidManifest.xml:31:13-44
79            android:value="2" />
79-->src/main/AndroidManifest.xml:32:13-30
80
81        <activity
81-->[:url_launcher_android] AndroidManifest.xml:10:9-13:74
82            android:name="io.flutter.plugins.urllauncher.WebViewActivity"
82-->[:url_launcher_android] AndroidManifest.xml:11:13-74
83            android:exported="false"
83-->[:url_launcher_android] AndroidManifest.xml:12:13-37
84            android:theme="@android:style/Theme.NoTitleBar.Fullscreen" />
84-->[:url_launcher_android] AndroidManifest.xml:13:13-71
85
86        <uses-library
86-->[androidx.window:window:1.0.0-beta04] AndroidManifest.xml:25:9-27:40
87            android:name="androidx.window.extensions"
87-->[androidx.window:window:1.0.0-beta04] AndroidManifest.xml:26:13-54
88            android:required="false" />
88-->[androidx.window:window:1.0.0-beta04] AndroidManifest.xml:27:13-37
89        <uses-library
89-->[androidx.window:window:1.0.0-beta04] AndroidManifest.xml:28:9-30:40
90            android:name="androidx.window.sidecar"
90-->[androidx.window:window:1.0.0-beta04] AndroidManifest.xml:29:13-51
91            android:required="false" />
91-->[androidx.window:window:1.0.0-beta04] AndroidManifest.xml:30:13-37
92    </application>
93
94</manifest>